<?xml version="1.0" encoding="UTF-8"?>
<coverage generated="1758296299065" clover="3.2.0">
  <project timestamp="1758296299065" name="All files">
    <metrics statements="33" coveredstatements="26" conditionals="34" coveredconditionals="27" methods="5" coveredmethods="5" elements="72" coveredelements="58" complexity="0" loc="33" ncloc="33" packages="1" files="2" classes="2"/>
    <file name="ticketMiddleware.js" path="D:\Revature\Foundations-Project\src\middleware\ticketMiddleware.js">
      <metrics statements="23" coveredstatements="16" conditionals="20" coveredconditionals="13" methods="4" coveredmethods="4"/>
      <line num="2" count="1" type="stmt"/>
      <line num="4" count="1" type="cond" truecount="3" falsecount="1"/>
      <line num="5" count="0" type="stmt"/>
      <line num="8" count="1" type="cond" truecount="1" falsecount="1"/>
      <line num="9" count="0" type="stmt"/>
      <line num="12" count="1" type="stmt"/>
      <line num="13" count="1" type="cond" truecount="3" falsecount="1"/>
      <line num="14" count="0" type="stmt"/>
      <line num="16" count="1" type="cond" truecount="3" falsecount="1"/>
      <line num="17" count="0" type="stmt"/>
      <line num="18" count="1" type="stmt"/>
      <line num="22" count="1" type="stmt"/>
      <line num="24" count="1" type="cond" truecount="1" falsecount="1"/>
      <line num="25" count="0" type="stmt"/>
      <line num="29" count="1" type="stmt"/>
      <line num="33" count="1" type="stmt"/>
      <line num="35" count="1" type="cond" truecount="1" falsecount="1"/>
      <line num="36" count="0" type="stmt"/>
      <line num="40" count="1" type="stmt"/>
      <line num="44" count="2" type="stmt"/>
      <line num="45" count="2" type="cond" truecount="1" falsecount="1"/>
      <line num="46" count="0" type="stmt"/>
      <line num="48" count="2" type="stmt"/>
    </file>
    <file name="userMiddleware.js" path="D:\Revature\Foundations-Project\src\middleware\userMiddleware.js">
      <metrics statements="10" coveredstatements="10" conditionals="14" coveredconditionals="14" methods="1" coveredmethods="1"/>
      <line num="2" count="5" type="stmt"/>
      <line num="3" count="5" type="stmt"/>
      <line num="5" count="5" type="cond" truecount="6" falsecount="0"/>
      <line num="6" count="2" type="stmt"/>
      <line num="10" count="3" type="cond" truecount="2" falsecount="0"/>
      <line num="11" count="3" type="cond" truecount="2" falsecount="0"/>
      <line num="12" count="3" type="cond" truecount="2" falsecount="0"/>
      <line num="14" count="3" type="cond" truecount="2" falsecount="0"/>
      <line num="15" count="1" type="stmt"/>
      <line num="17" count="2" type="stmt"/>
    </file>
  </project>
</coverage>
