{"D:\\Revature\\Foundations-Project\\src\\middleware\\ticketMiddleware.js": {"path":"D:\\Revature\\Foundations-Project\\src\\middleware\\ticketMiddleware.js","statementMap":{"0":{"start":{"line":2,"column":34},"end":{"line":2,"column":42}},"1":{"start":{"line":4,"column":2},"end":{"line":6,"column":3}},"2":{"start":{"line":5,"column":4},"end":{"line":5,"column":67}},"3":{"start":{"line":8,"column":2},"end":{"line":10,"column":3}},"4":{"start":{"line":9,"column":4},"end":{"line":9,"column":72}},"5":{"start":{"line":12,"column":14},"end":{"line":12,"column":28}},"6":{"start":{"line":13,"column":2},"end":{"line":14,"column":63}},"7":{"start":{"line":14,"column":4},"end":{"line":14,"column":63}},"8":{"start":{"line":16,"column":2},"end":{"line":17,"column":68}},"9":{"start":{"line":17,"column":4},"end":{"line":17,"column":68}},"10":{"start":{"line":18,"column":2},"end":{"line":18,"column":9}},"11":{"start":{"line":22,"column":19},"end":{"line":22,"column":27}},"12":{"start":{"line":24,"column":2},"end":{"line":27,"column":7}},"13":{"start":{"line":25,"column":4},"end":{"line":27,"column":7}},"14":{"start":{"line":29,"column":2},"end":{"line":29,"column":9}},"15":{"start":{"line":33,"column":19},"end":{"line":33,"column":27}},"16":{"start":{"line":35,"column":2},"end":{"line":38,"column":7}},"17":{"start":{"line":36,"column":4},"end":{"line":38,"column":7}},"18":{"start":{"line":40,"column":2},"end":{"line":40,"column":9}},"19":{"start":{"line":44,"column":21},"end":{"line":44,"column":29}},"20":{"start":{"line":45,"column":2},"end":{"line":46,"column":63}},"21":{"start":{"line":46,"column":4},"end":{"line":46,"column":63}},"22":{"start":{"line":48,"column":2},"end":{"line":48,"column":9}}},"fnMap":{"0":{"name":"validateTicket","decl":{"start":{"line":1,"column":9},"end":{"line":1,"column":23}},"loc":{"start":{"line":1,"column":40},"end":{"line":19,"column":1}},"line":1},"1":{"name":"authorizeManager","decl":{"start":{"line":21,"column":9},"end":{"line":21,"column":25}},"loc":{"start":{"line":21,"column":42},"end":{"line":30,"column":1}},"line":21},"2":{"name":"authorizeEmployee","decl":{"start":{"line":32,"column":9},"end":{"line":32,"column":26}},"loc":{"start":{"line":32,"column":43},"end":{"line":41,"column":1}},"line":32},"3":{"name":"validateUpdate","decl":{"start":{"line":43,"column":9},"end":{"line":43,"column":23}},"loc":{"start":{"line":43,"column":40},"end":{"line":49,"column":1}},"line":43}},"branchMap":{"0":{"loc":{"start":{"line":4,"column":2},"end":{"line":6,"column":3}},"type":"if","locations":[{"start":{"line":4,"column":2},"end":{"line":6,"column":3}},{"start":{},"end":{}}],"line":4},"1":{"loc":{"start":{"line":4,"column":6},"end":{"line":4,"column":45}},"type":"binary-expr","locations":[{"start":{"line":4,"column":6},"end":{"line":4,"column":26}},{"start":{"line":4,"column":30},"end":{"line":4,"column":45}}],"line":4},"2":{"loc":{"start":{"line":8,"column":2},"end":{"line":10,"column":3}},"type":"if","locations":[{"start":{"line":8,"column":2},"end":{"line":10,"column":3}},{"start":{},"end":{}}],"line":8},"3":{"loc":{"start":{"line":13,"column":2},"end":{"line":14,"column":63}},"type":"if","locations":[{"start":{"line":13,"column":2},"end":{"line":14,"column":63}},{"start":{},"end":{}}],"line":13},"4":{"loc":{"start":{"line":13,"column":6},"end":{"line":13,"column":28}},"type":"binary-expr","locations":[{"start":{"line":13,"column":6},"end":{"line":13,"column":16}},{"start":{"line":13,"column":20},"end":{"line":13,"column":28}}],"line":13},"5":{"loc":{"start":{"line":16,"column":2},"end":{"line":17,"column":68}},"type":"if","locations":[{"start":{"line":16,"column":2},"end":{"line":17,"column":68}},{"start":{},"end":{}}],"line":16},"6":{"loc":{"start":{"line":16,"column":6},"end":{"line":16,"column":40}},"type":"binary-expr","locations":[{"start":{"line":16,"column":6},"end":{"line":16,"column":18}},{"start":{"line":16,"column":22},"end":{"line":16,"column":40}}],"line":16},"7":{"loc":{"start":{"line":24,"column":2},"end":{"line":27,"column":7}},"type":"if","locations":[{"start":{"line":24,"column":2},"end":{"line":27,"column":7}},{"start":{},"end":{}}],"line":24},"8":{"loc":{"start":{"line":35,"column":2},"end":{"line":38,"column":7}},"type":"if","locations":[{"start":{"line":35,"column":2},"end":{"line":38,"column":7}},{"start":{},"end":{}}],"line":35},"9":{"loc":{"start":{"line":45,"column":2},"end":{"line":46,"column":63}},"type":"if","locations":[{"start":{"line":45,"column":2},"end":{"line":46,"column":63}},{"start":{},"end":{}}],"line":45}},"s":{"0":1,"1":1,"2":0,"3":1,"4":0,"5":1,"6":1,"7":0,"8":1,"9":0,"10":1,"11":1,"12":1,"13":0,"14":1,"15":1,"16":1,"17":0,"18":1,"19":2,"20":2,"21":0,"22":2},"f":{"0":1,"1":1,"2":1,"3":2},"b":{"0":[0,1],"1":[1,1],"2":[0,1],"3":[0,1],"4":[1,1],"5":[0,1],"6":[1,1],"7":[0,1],"8":[0,1],"9":[0,2]},"_coverageSchema":"1a1c01bbd47fc00a2c39e90264f33305004495a9","hash":"d2dac8c7f21c68a4f2de66def37b96aaa292da10"}
,"D:\\Revature\\Foundations-Project\\src\\middleware\\userMiddleware.js": {"path":"D:\\Revature\\Foundations-Project\\src\\middleware\\userMiddleware.js","statementMap":{"0":{"start":{"line":2,"column":19},"end":{"line":2,"column":36}},"1":{"start":{"line":3,"column":19},"end":{"line":3,"column":36}},"2":{"start":{"line":5,"column":0},"end":{"line":7,"column":1}},"3":{"start":{"line":6,"column":2},"end":{"line":6,"column":81}},"4":{"start":{"line":10,"column":22},"end":{"line":10,"column":66}},"5":{"start":{"line":11,"column":19},"end":{"line":11,"column":69}},"6":{"start":{"line":12,"column":18},"end":{"line":12,"column":41}},"7":{"start":{"line":14,"column":2},"end":{"line":18,"column":3}},"8":{"start":{"line":15,"column":4},"end":{"line":15,"column":11}},"9":{"start":{"line":17,"column":4},"end":{"line":17,"column":70}}},"fnMap":{"0":{"name":"validateInput","decl":{"start":{"line":1,"column":9},"end":{"line":1,"column":22}},"loc":{"start":{"line":1,"column":39},"end":{"line":19,"column":1}},"line":1}},"branchMap":{"0":{"loc":{"start":{"line":5,"column":0},"end":{"line":7,"column":1}},"type":"if","locations":[{"start":{"line":5,"column":0},"end":{"line":7,"column":1}},{"start":{},"end":{}}],"line":5},"1":{"loc":{"start":{"line":5,"column":4},"end":{"line":5,"column":94}},"type":"binary-expr","locations":[{"start":{"line":5,"column":4},"end":{"line":5,"column":26}},{"start":{"line":5,"column":30},"end":{"line":5,"column":47}},{"start":{"line":5,"column":51},"end":{"line":5,"column":73}},{"start":{"line":5,"column":77},"end":{"line":5,"column":94}}],"line":5},"2":{"loc":{"start":{"line":10,"column":22},"end":{"line":10,"column":66}},"type":"binary-expr","locations":[{"start":{"line":10,"column":22},"end":{"line":10,"column":42}},{"start":{"line":10,"column":46},"end":{"line":10,"column":66}}],"line":10},"3":{"loc":{"start":{"line":11,"column":19},"end":{"line":11,"column":69}},"type":"binary-expr","locations":[{"start":{"line":11,"column":19},"end":{"line":11,"column":42}},{"start":{"line":11,"column":46},"end":{"line":11,"column":69}}],"line":11},"4":{"loc":{"start":{"line":12,"column":18},"end":{"line":12,"column":41}},"type":"binary-expr","locations":[{"start":{"line":12,"column":18},"end":{"line":12,"column":26}},{"start":{"line":12,"column":30},"end":{"line":12,"column":41}}],"line":12},"5":{"loc":{"start":{"line":14,"column":2},"end":{"line":18,"column":3}},"type":"if","locations":[{"start":{"line":14,"column":2},"end":{"line":18,"column":3}},{"start":{"line":16,"column":9},"end":{"line":18,"column":3}}],"line":14}},"s":{"0":5,"1":5,"2":5,"3":2,"4":3,"5":3,"6":3,"7":3,"8":1,"9":2},"f":{"0":5},"b":{"0":[2,3],"1":[5,4,4,3],"2":[3,2],"3":[3,2],"4":[3,2],"5":[1,2]},"_coverageSchema":"1a1c01bbd47fc00a2c39e90264f33305004495a9","hash":"56fba5256d0b190f324c2c47cfc2185c03c24f3c"}
}
