TN:
SF:middleware\ticketMiddleware.js
FN:1,validateTicket
FN:21,authorizeManager
FN:32,authorizeEmployee
FN:43,validateUpdate
FNF:4
FNH:4
FNDA:1,validateTicket
FNDA:1,authorizeManager
FNDA:1,authorizeEmployee
FNDA:2,validateUpdate
DA:2,1
DA:4,1
DA:5,0
DA:8,1
DA:9,0
DA:12,1
DA:13,1
DA:14,0
DA:16,1
DA:17,0
DA:18,1
DA:22,1
DA:24,1
DA:25,0
DA:29,1
DA:33,1
DA:35,1
DA:36,0
DA:40,1
DA:44,2
DA:45,2
DA:46,0
DA:48,2
LF:23
LH:16
BRDA:4,0,0,0
BRDA:4,0,1,1
BRDA:4,1,0,1
BRDA:4,1,1,1
BRDA:8,2,0,0
BRDA:8,2,1,1
BRDA:13,3,0,0
BRDA:13,3,1,1
BRDA:13,4,0,1
BRDA:13,4,1,1
BRDA:16,5,0,0
BRDA:16,5,1,1
BRDA:16,6,0,1
BRDA:16,6,1,1
BRDA:24,7,0,0
BRDA:24,7,1,1
BRDA:35,8,0,0
BRDA:35,8,1,1
BRDA:45,9,0,0
BRDA:45,9,1,2
BRF:20
BRH:13
end_of_record
TN:
SF:middleware\userMiddleware.js
FN:1,validateInput
FNF:1
FNH:1
FNDA:5,validateInput
DA:2,5
DA:3,5
DA:5,5
DA:6,2
DA:10,3
DA:11,3
DA:12,3
DA:14,3
DA:15,1
DA:17,2
LF:10
LH:10
BRDA:5,0,0,2
BRDA:5,0,1,3
BRDA:5,1,0,5
BRDA:5,1,1,4
BRDA:5,1,2,4
BRDA:5,1,3,3
BRDA:10,2,0,3
BRDA:10,2,1,2
BRDA:11,3,0,3
BRDA:11,3,1,2
BRDA:12,4,0,3
BRDA:12,4,1,2
BRDA:14,5,0,1
BRDA:14,5,1,2
BRF:14
BRH:14
end_of_record
